<?xml version="1.0" encoding="UTF-8"?>
<!-- Generated by org.testng.reporters.JUnitReportReporter -->
<testsuite hostname="LAPTOP-19EN3AKP" failures="0" tests="1" name="com.ebanking.testCases.TC_AddCustomerTest_003" time="8.796" errors="0" timestamp="2023-08-08T16:57:32 IST" skipped="0">
  <testcase classname="com.ebanking.testCases.TC_AddCustomerTest_003" name="addNewCustomer" time="8.796"/>
</testsuite> <!-- com.ebanking.testCases.TC_AddCustomerTest_003 -->
