<?xml version="1.0" encoding="UTF-8"?>
<!-- Generated by org.testng.reporters.JUnitReportReporter -->
<testsuite hostname="LAPTOP-19EN3AKP" failures="0" tests="1" name="com.ebanking.testCases.TC_LoginTest_001" time="1.753" errors="0" timestamp="2023-08-09T21:11:15 IST" skipped="0">
  <testcase classname="com.ebanking.testCases.TC_LoginTest_001" name="loginTest" time="1.753"/>
</testsuite> <!-- com.ebanking.testCases.TC_LoginTest_001 -->
